<?xml version="1.0" encoding="UTF-8"?>
<!-- Generated by org.testng.reporters.JUnitReportReporter -->
<testsuite hostname="DESKTOP-HC9JHA0" failures="0" tests="7" name="com.simplilearn.demo.FlipKartTestChrome" time="44.380" errors="0" timestamp="2022-10-12T13:44:00 IST" skipped="0">
  <testcase classname="com.simplilearn.demo.FlipKartTestChrome" name="closeLogin" time="1.239"/>
  <system-out/>
  <testcase classname="com.simplilearn.demo.FlipKartTestChrome" name="scroll" time="6.137"/>
  <system-out/>
  <testcase classname="com.simplilearn.demo.FlipKartTestChrome" name="searchProduct" time="5.733"/>
  <system-out/>
  <testcase classname="com.simplilearn.demo.FlipKartTestChrome" name="loadImage" time="21.432"/>
  <system-out/>
  <testcase classname="com.simplilearn.demo.FlipKartTestChrome" name="scrollFrequency" time="2.146"/>
  <system-out/>
  <testcase classname="com.simplilearn.demo.FlipKartTestChrome" name="downloadImages" time="0.027"/>
  <system-out/>
  <testcase classname="com.simplilearn.demo.FlipKartTestChrome" name="screenResolution" time="7.666"/>
  <system-out/>
</testsuite> <!-- com.simplilearn.demo.FlipKartTestChrome -->
