<?xml version="1.0" encoding="UTF-8"?>
<!-- Generated by org.testng.reporters.JUnitReportReporter -->
<testsuite hostname="DESKTOP-HC9JHA0" failures="0" tests="7" name="com.simplilearn.demo.FlipKartTestEdge" time="41.189" errors="0" timestamp="2022-10-12T13:44:00 IST" skipped="0">
  <testcase classname="com.simplilearn.demo.FlipKartTestEdge" name="closeLogin" time="2.031"/>
  <system-out/>
  <testcase classname="com.simplilearn.demo.FlipKartTestEdge" name="scroll" time="6.123"/>
  <system-out/>
  <testcase classname="com.simplilearn.demo.FlipKartTestEdge" name="searchProduct" time="5.847"/>
  <system-out/>
  <testcase classname="com.simplilearn.demo.FlipKartTestEdge" name="loadImage" time="17.232"/>
  <system-out/>
  <testcase classname="com.simplilearn.demo.FlipKartTestEdge" name="scrollFrequency" time="2.078"/>
  <system-out/>
  <testcase classname="com.simplilearn.demo.FlipKartTestEdge" name="downloadImages" time="0.031"/>
  <system-out/>
  <testcase classname="com.simplilearn.demo.FlipKartTestEdge" name="screenResolution" time="7.847"/>
  <system-out/>
</testsuite> <!-- com.simplilearn.demo.FlipKartTestEdge -->
