<?xml version="1.0" encoding="UTF-8"?>
<!-- Generated by org.testng.reporters.JUnitReportReporter -->
<testsuite skipped="0" hostname="LAPTOP-9H2JONG2" name="com.simplilearn.testng.NewTest" tests="1" failures="0" timestamp="2022-10-04T18:21:38 IST" time="22.719" errors="0">
  <testcase name="oracle" time="22.719" classname="com.simplilearn.testng.NewTest"/>
  <system-out/>
</testsuite> <!-- com.simplilearn.testng.NewTest -->
