<?xml version="1.0" encoding="UTF-8"?>
<!-- Generated by org.testng.reporters.JUnitReportReporter -->
<testsuite hostname="LAPTOP-9H2JONG2" failures="0" tests="1" name="com.simplilearn.testng.NewTest" time="20.638" errors="0" timestamp="2022-10-04T18:14:28 IST" skipped="0">
  <testcase classname="com.simplilearn.testng.NewTest" name="oracle" time="20.638"/>
  <system-out/>
</testsuite> <!-- com.simplilearn.testng.NewTest -->
